<?xml version="1.0" encoding="UTF-8"?>
<testsuite name="com.mortgagelender.MortgageLenderTest" tests="1" skipped="0" failures="0" errors="0" timestamp="2021-01-27T20:33:36" hostname="DESKTOP-JSBVD3G" time="0.122">
  <properties/>
  <testcase name="checkUndecidedLoans()" classname="com.mortgagelender.MortgageLenderTest" time="0.122"/>
  <system-out><![CDATA[]]></system-out>
  <system-err><![CDATA[]]></system-err>
</testsuite>
