<?xml version="1.0" encoding="UTF-8"?>
<testsuite name="com.mortgagelender.MortgageLenderTest" tests="2" skipped="0" failures="0" errors="0" timestamp="2021-01-27T15:38:09" hostname="LAPTOP-S57OD5Q8" time="0.069">
  <properties/>
  <testcase name="depositAmountToFunds()" classname="com.mortgagelender.MortgageLenderTest" time="0.06"/>
  <testcase name="checkAvailableFunds()" classname="com.mortgagelender.MortgageLenderTest" time="0.003"/>
  <system-out><![CDATA[]]></system-out>
  <system-err><![CDATA[]]></system-err>
</testsuite>
